[   0.00000]Initialingg coup ubsys cset
[    0.0000] nitialzingcgrup subsys cpu
[    .00000] Initializing cgroup subsys cpuacct
[    0.000000Linu veron 4..0-130-generic (buildd@lgw01-amd64-039) (gcc version 5.4.0 20160609 (Ubuntu 5.4.0-6ubuntu1~16.04.9) ) #156-Ubuntu SMP Thu Jun 14 08:53:28 UC 2018 (Ubuntu 4.4.0-130.156-generic 4.4.134)
[    0.000000] Commandlie: BOOT_IMAGE=/boot/vmlinuz-4.4.0-130-generic root=UUID=972f7a8a-ba86-4809-b532-201590b5688c ro console=tty1 console=ttyS0
[    0.000000] KERNEL supported cpus:
[   0.000000]   Intel GenuineIntel
[    0.000000]   AMD AuthenticAMD
[    0.000000]   Ceaur CentrHaus
[   0.00000 x6/fp xste_ofset[2]:  576, xstatesizes[2]:  256
[    0.000000] x86/fpu: Supporting XSAVE feature 0x01: 'x87 floating point registers'
[  0.000000] x86/fpu: upporting XSAVE feature 0x02: 'SSE rgiters
[  0.000000] x86/fpu: Supporting XSAVE feature 0x04: 'AVX registers'
[    0.000000] x86/fpu: Enabled xstate features 0x7, context size is 832 bytes, using 'standard' format.
[    0.000000] x86/fpu: Using 'eager' FPU context switches.
[    0.000000] e820: BIOS-provided physical RAM map:
[    0.000000] BIOS-e820: [mem 0x0000000000000000-0x000000000009fbff] usable
[    0.000000] BIOS-e820: [mem 0x000000000009fc00-0x000000000009ffff] reserved
[    0.000000] BIOS-e820: [mem 0x00000000000f0000-0x000000000fffff] reserved
[    0.000000] BIOS-e820: [mem 0x0000000000100000-0x000000007ffff] usable
[    0.000000] BIOS-e820: [mem 0x000000007fff0000-0x000000007fffffff] ACPI data
[  0000000]IOSe820: [m 0x00000000fec00000-0x0000000fec00fff] reservd
[    0.000000] BIOS-e820: [mem 0x0000000fe000-x00000000fee00fff] reserved
[  0.00000 BOS-82: [mem x000000fc0000-0x00000000ffffffff] reserved
[    0.000000] NX (Execute Disable) protectio active
[    0.000000] SMBIOS 2.5 present.
[    0.000000] Hypervisor detected: KVM
[    0.000000] e820: last_pfn = 0x7fff0 max_arch_pfn = 0x400000000
[    0.000000] MTRR: Disabled
[    0.000000] x86/PAT: MTRRs disabled, skipping PAT initialization o.
[  000000] PU MTRRsall blank - virtlized ste.
[    0.000000] x86/PAT: Configuration [0-7]: WB  WT  UC- UC  WB  WT  UC- UC  
[    0.000000] found SMP MP-table at [mem 0x0009fff0-0x0009ffff] mapped at [ffff88000009fff0]
[    0.000000] Scanning 1 areas for low memory corruption
[    0.000000] RAMDISK: [mem 0x36208000-0x370fbfff]
[    0.000000] ACPI: Early table checksum verification disabled
[    0.000000] ACPI: RSDP 0x00000000000E0000 000024 (v2 BOX )
[  000000 ACPI: XSDT 000000007FFF0030 00003C (v01 VBOX   VBOXXSDT 00000001 ASL  00000061)
[    0.000000] ACPI: FACP 0x000000007FFF00F0 0000F4 (v04 VBOX   VBOXFACP 00000001 ASL  00000061)
[    0.000000] ACPI: DSDT 0x000000007FFF0470 0021FF (v02 VBOX   VBOXBIOS 00000002 INTL 20100528)
[    0.000000] ACPI: FACS 0x000000007FFF0200 000040
[    0.000000] ACPI: FACS 0x000000007FFF0200 000040
[    0.000000] ACPI: APIC 0x000000007FFF0240 00005C (v02 VBOX  BOXAPIC 00000001 L 00006)
    0.00000]CP: SS 0x000000007FFF02A0 0001CC (v01 VBOX   VBOXCPUT 000002 INL 201058)[    0.0000] No NUMA configuration found
[    0.000000] Faking a node at [mem 0x0000000000000000-0x000000007ffeffff]
[    .00000] NODE_DATA(0) alocate [mem 0x7ffb000-0ffeffff]
[   0.000000] kvm-cloc Using msrs b564d01 and 4b564d00
[    0.000000] kvm-clock: cpu 0, msr 0:7ffe30001, primary cpu clock
[    0.000000] kvm-clock: using sched offset of 4541622468 cycles
[    0.000000] clocksource: kvm-clock: mask: 0xffffffffffffffff max_cycles: 0x1cd42e4dffb, max_idle_ns: 881590591483 ns
[    0.000000] Zone ranges:
[    0.000000]   DMA      [mem 0x0000000000001000-0x0000000000ffffff]
[    0.000000]   DMA32    [mem 0x0000000001000000-0x000000007ffeffff]
[    0.000000  Nomal   empty
[   0.0000]   Device   empty
[  0.000000] Movable zone start for each node
[    0.000000] Early memory node ranges
[    0.000000]  node 0: mem x0000000000001000-0x000000000009efff]
[   0.000000]   node   0: [mem 0x0000000000100000-0x00000007ffeffff]
[   .00000] Intmm setu node 0mem 0x00000000000000-0x000000007ffeffff]
[   0.00000 API: PM-Timer IO Port: 0x4008
[  0.000000] IOAPIC[0]: apic_id 2, version 32, address 0xfec00000, GSI 0-23
[    0.000000] ACPI: INT_SRC_OVR (bus 0 bus_irq 0 global_irq 2 dfl dfl)
[    0.000000] ACPI: INT_SRC_OVR (bus 0 bus_irq 9 global_irq 9 low level)
[    0.000000] Using ACPI (MADT) for SMP configuration information
[    0.000000] smpboot: Allowing 2 CPUs, 0 hotplug CPUs
[    0.000000] PM: Regisre nave emy: [em0x0000000-0x0000fff]
[   0.00000] PM: Registered nosave memory: [mem x000f000-0x009fff]
[   0.00000] PM: Registered nosave memory: [mem 0x00a000-x000efff]
[    0.00000 PM: Registered nosave memory: [mem 0x000f0000-0x000fffff]
[    0.000000] e820: [mem 0x80000000-0xfebfffff] available for PCI devices
[    0.000000] Booting paravirtualized kernel on KVM
[    0.000000] clocksource: refined-jiffies: mask: 0xffffffff max_cycles: 0xffffffff, max_idle_ns: 7645519600211568 ns
[    0000000] setup_percpu: NR_CPUS:512 nr_cpumask_bits:512 nr_cpu_ids:2 nr_node_id1
[   0.000000] PERCPU: Embedded 34 pages/pu @fff8807fc000 s9544 192 d328 u1048576
[  000000] P qpinlockas table entries: 256 (order: 0,09 bytes)
[   000000] Built 1 zonelsts in Node order, mobility grouping on.  Total pages: 51590
[    000000] Policy zone:MA32
[    0.000000] Kenel command li: BOT_IMAE=/boot/vmliuz-.4.0-30-genric oot=UID=72f7a8a-a86-809-b532-201590b5688c ro console=tty1 cnsol=ttyS0
[    0000000] PID hash table entries: 4096 (order: 3, 278 bytes)
[    0.000000Memory: 2029396K2096696K available (8546K kernel code, 1313K rwdata, 4000K rodata, 1516K init, 1316K bss, 67300K reserved, 0K cma-reserved)
[    0.000000] SLUB: HWalign=64, Order=0-3, MinObjects=0, CPUs=2, Nodes=1
[    0.000000] Kernel/User page tables isolation: enabled
[    0.000000] Hierarchical RCU implementation.
[    0.000000] 	Build-time adjustmntof laf fnout t 64.
[    0.000000] 	RCU restricting CPUs from NR_CPUS=512 to nr_cpu_ids=2.
[   000000]RCU: Adjusng gometry or rc_fanout_leaf=64, nr_cpu_ids=2
[    0.000000] NR_IRQS:33024 nr_irqs:440 16
[    0.000000] Console: colour VGA+ 80x25
[    0.000000] console [tty1] enabled
[   .00000] cosole [yS0] enabled
[  0.000000] tsc: Detected 2903.996 MHz processor
[    9.715964] Calibrating delay loop (skipped) preset value.. 5807.99 BogoMIPS (lpj=11615984)
[    9.751884] pid_max: default: 32768 minimum: 301
[    9.752946] ACPI: Core revision 20150930
[    9.755699] ACPI: 2 ACPI AML tables successfully acquired and loaded
[    9.757365] Security Framework initialized
[    9.758461] Yama: becoming mindful.
[    9.759401] AppArmor: AppArmor initialized
[    9.761382] Dentry cache hash table entries: 262144 (order: 9, 2097152 bytes)
[    9.787838] Inode-cache hash table entries: 131072 (order: 8, 1048576 bytes)
[    9.790102] Mount-cache hash table entries: 4096 (order: 3, 32768 bytes)
[    9.791440] Mountpoint-cache hash table entries: 4096 (order: 3, 32768 bytes)
[    9.793141] Initializing cgroup subsys io
[    9.814248] Initializing cgroup subsys memory
[    9.863523] Initializing cgroup subsys devices
[    9.927401] Initializing cgroup subsys freezer
[    9.938771] Initializing cgroup subsys net_cls
[    9.982993] Initializing cgroup subsys perf_event
[    9.997262] Initializing cgroup subsys net_prio
[   10.000210] Initializing cgroup subsys hugetlb
[   10.001439] Initializing cgroup subsys pids
[   10.015976] CPU: Physical Processor ID: 0
[   10.017230] CPU: Processor Core ID: 0
[   10.040095] mce: CPU supports 0 MCE banks
[   10.048386] Last level iTLB entries: 4KB 64, 2MB 8, 4MB 8
[   10.069494] Last level dTLB entries: 4KB 64, 2MB 0, 4MB 0, 1GB 4
[   10.079196] Spectre V2 : Mitigation: Full generic retpoline
[   10.094669] Spectre V2 : Speculation control IBPB not-supported IBRS not-supported
[   10.096506] Spectre V2 : Filling RSB on context switch
[   10.098427] Speculative Store Bypass: Vulnerable
[   10.108663] Freeing SMP alternatives memory: 32K
[   10.141504] ftrace: allocating 32245 entries in 126 pages
[   10.209383] smpboot: APIC(0) Converting physical 0 to logical package 0
[   10.274587] smpboot: Max logical packages: 1
[   10.340667] x2apic enabled
[   10.364937] Switched APIC routing to physical x2apic.
[   10.416394] ..TIMER: vector=0x30 apic1=0 pin1=2 apic2=-1 pin2=-1
[   10.541839] smpboot: CPU0: Intel(R) Core(TM) i7-7820HQ CPU @ 2.90GHz (family: 0x6, model: 0x9e, stepping: 0x9)
[   10.564927] Performance Events: unsupported p6 CPU model 158 no PMU driver, software events only.
[   10.581595] KVM setup paravirtual spinlock
[   10.590990] x86: Booting SMP configuration:
[   10.627013] .... node  #0, CPUs:      #1
[   10.646715] kvm-clock: cpu 1, msr 0:7ffe3041, secondary cpu clock
[   10.649059] mce: CPU supports 0 MCE banks
[   10.658262] x86: Booted up 1 node, 2 CPUs
[   10.672570] smpboot: Total of 2 processors activated (11615.98 BogoMIPS)
[   10.695052] devtmpfs: initialized
[   10.737905] evm: security.selinux
[   10.752385] evm: security.SMACK64
[   10.786674] evm: security.SMACK64EXEC
[   10.815382] evm: security.SMACK64TRANSMUTE
[   10.816997] evm: security.SMACK64MMAP
[   10.827515] evm: security.ima
[   10.828759] evm: security.capability
[   10.830855] clocksource: jiffies: mask: 0xffffffff max_cycles: 0xffffffff, max_idle_ns: 7645041785100000 ns
[   10.837774] futex hash table entries: 512 (order: 3, 32768 bytes)
[   10.846757] pinctrl core: initialized pinctrl subsystem
[   10.863549] RTC time: 14:17:01, date: 08/24/18
[   10.878470] NET: Registered protocol family 16
[   10.891192] cpuidle: using governor ladder
[   10.910752] cpuidle: using governor menu
[   10.931323] PCCT header not found.
[   10.947308] ACPI: bus type PCI registered
[   10.983674] acpiphp: ACPI Hot Plug PCI Controller Driver version: 0.5
[   11.008387] PCI: Using configuration type 1 for base access
[   11.048015] ACPI: Added _OSI(Module Device)
[   11.052029] ACPI: Added _OSI(Processor Device)
[   11.083469] ACPI: Added _OSI(3.0 _SCP Extensions)
[   11.112311] ACPI: Added _OSI(Processor Aggregator Device)
[   11.129768] ACPI: Executed 1 blocks of module-level executable AML code
[   11.160951] ACPI: Interpreter enabled
[   11.164024] ACPI: (supports S0 S5)
[   11.171907] ACPI: Using IOAPIC for interrupt routing
[   11.174146] PCI: Using host bridge windows from ACPI; if necessary, use "pci=nocrs" and report a bug
[   11.193024] ACPI: PCI Root Bridge [PCI0] (domain 0000 [bus 00-ff])
[   11.207018] acpi PNP0A03:00: _OSC: OS supports [ASPM ClockPM Segments MSI]
[   11.209020] acpi PNP0A03:00: _OSC: not requesting OS control; OS requires [ExtendedConfig ASPM ClockPM MSI]
[   11.218481] acpi PNP0A03:00: fail to add MMCONFIG information, can't access extended PCI configuration space under this bridge.
[   11.226772] PCI host bridge to bus 0000:00
[   11.246309] pci_bus 0000:00: root bus resource [io  0x0000-0x0cf7 window]
[   11.248342] pci_bus 0000:00: root bus resource [io  0x0d00-0xffff window]
[   11.250141] pci_bus 0000:00: root bus resource [mem 0x000a0000-0x000bffff window]
[   11.259957] pci_bus 0000:00: root bus resource [mem 0x80000000-0xfdffffff window]
[   11.263372] pci_bus 0000:00: root bus resource [bus 00-ff]
[   11.267326] pci 0000:00:01.1: legacy IDE quirk: reg 0x10: [io  0x01f0-0x01f7]
[   11.268857] pci 0000:00:01.1: legacy IDE quirk: reg 0x14: [io  0x03f6]
[   11.284064] pci 0000:00:01.1: legacy IDE quirk: reg 0x18: [io  0x0170-0x0177]
[   11.354005] pci 0000:00:01.1: legacy IDE quirk: reg 0x1c: [io  0x0376]
[   11.395435] pci 0000:00:07.0: quirk: [io  0x4000-0x403f] claimed by PIIX4 ACPI
[   11.524961] pci 0000:00:07.0: quirk: [io  0x4100-0x410f] claimed by PIIX4 SMB
[   11.686201] ACPI: PCI Interrupt Link [LNKA] (IRQs 5 9 10 *11)
[   11.713241] ACPI: PCI Interrupt Link [LNKB] (IRQs 5 9 *10 11)
[   11.714955] ACPI: PCI Interrupt Link [LNKC] (IRQs 5 *9 10 11)
[   11.803137] ACPI: PCI Interrupt Link [LNKD] (IRQs 5 9 10 *11)
[   11.883498] ACPI: Enabled 2 GPEs in block 00 to 07
[   11.906237] vgaarb: setting as boot device: PCI:0000:00:02.0
[   11.923503] vgaarb: device added: PCI:0000:00:02.0,decodes=io+mem,owns=io+mem,locks=none
[   11.963332] vgaarb: loaded
[   11.964228] vgaarb: bridge control possible 0000:00:02.0
[   11.966384] SCSI subsystem initialized
[   11.991099] ACPI: bus type USB registered
[   12.009386] usbcore: registered new interface driver usbfs
[   12.041544] usbcore: registered new interface driver hub
[   12.082968] usbcore: registered new device driver usb
[   12.150656] PCI: Using ACPI for IRQ routing
[   12.190373] NetLabel: Initializing
[   12.242489] NetLabel:  domain hash size = 128
[   12.246757] NetLabel:  protocols = UNLABELED CIPSOv4
[   12.328581] NetLabel:  unlabeled traffic allowed by default
[   12.365459] amd_nb: Cannot enumerate AMD northbridges
[   12.452989] clocksource: Switched to clocksource kvm-clock
[   2.91] pAorAppArr Filesystem Enable
[  12.984665] pnp: PnP ACPI init
[   13.014762] pn PP PI: fod deice
[   13.342067] clocksource: acpi_pm: mask: 0xffffff max_cycles: 0xffffff, max_idle_ns: 2085701024 ns
[   13.430508] NET: Registered protocol family 2
[   13.478539] TCP established hash table entries: 16384 (order: 5, 131072 bytes)
[   13.549402] TCP bind hash table entries: 16384 (order: 6, 262144 bytes)
[   13.630068] TCP: Hash tables configured (established 16384 bind 16384)
[   13.700610] UDP hash table entries: 1024 (order: 3, 32768 bytes)
[   13.791404] UDP-Lite hash table entries: 1024 (order: 3, 32768 bytes)
[   13.864551] NET: Registered protocol family 1
[   13.940669] pci 0000:00:00.0: Limiting direct PCI/PCI transfers
[   13.975234] pci 0000:00:01.0: Activating ISA DMA hang workarounds
[   14.078549] Unpacking initramfs...
[   14.347396] Freeing initrd memory: 15312K
[   14.350751] platform rtc_cmos: registered platform RTC device (no PNP device found)
[   14.415118] Scanning for low memory corruption every 60 seconds
[   14.528175] audit: initializing netlink subsys (disabled)
[   14.594321] audit: type=2000 audit(1535120219.845:1): initialized
[   14.608435] Initialise system trusted keyring
[   14.626508] HugeTLB registered 2 MB page size, pre-allocated 0 pages
[   14.686947] zbud: loaded
[   14.691133] VFS: Disk quotas dquot_6.6.0
[   14.735724] VFS: Dquot-cache hash table enies51(oer 0 4096 bes
[   .173449] squashfs: version 4.0 (2009/01/31) Phillip Lougher

[   15.238312] fuse init (API version 7.23)
[  5.39440] Key type bike registered
[ 15492]scReneTSclksurcealraon: 2903.81 MHz

[   16.291345] clocksource: tsc: mask: 0xffffffffffffffff max_cycles:0x29db56f12d5maidle_n 4792193s[   16911]Alcang IMA MOK a bckstkeings.

[   16.291864] Key type asymmetric registered
[   16.291867] Asymmetric key parser 'x509' registered
[   16.291934] Block layer SCSI generic (bsg) driver version 0.4 loaded (major 249)
[   16.291972] io scheduler noop registered
[   16.291974] io scheduler deadline registered (default)
[   16.292021] io scheduler cfq registered
[   16.292157] pci_hotplug: PCI Hot Plug PCI Core version: 0.5
[   16.292164] pciehp: PCI Express Hot Plug Controller Driver version: 0.4
[   16.292383] ACPI: AC Adapter [AC] (off-line)
[   16.292475] input: Power Button as /devices/LNXSYSTM:00/LNXPWRBN:00/input/input0
[   16.292477] ACPI: Power Button [PWRF]
[   16.292572] input: Sleep Button as /devices/LNXSYSTM:00/LNXSLPBN:00/input/input1
[   16.292574] ACPI: Sleep Button [SLPF]
[   16.292711] GHES: HEST is not enabled!
[   16.292847] Serial: 8250/16550 driver, 32 ports, IRQ sharing enabled
[   16.756328] 00:02: ttyS0 at I/O 0x3f8 (irq = 4, base_baud = 115200) is a 16550A
[   17.322942] Linux agpgart interface v0.103
[   17.346931] loop: module loaded
[   17.347725] scsi host0: ata_piix
[   17.347839] scsi host1: ata_piix
[   17.347888] ata1: PATA max UDMA/33 cmd 0x1f0 ctl 0x3f6 bmdma 0xd000 irq 14
[   17.347891] ata2: PATA max UDMA/33 cmd 0x170 ctl 0x376 bmdma 0xd008 irq 15
[   17.348014] libphy: Fixed MDIO Bus: probed
[   17.348016] tun: Universal TUN/TAP device driver, 1.6
[   17.348017] tun: (C) 1999-2004 Max Krasnyansky <maxk@qualcomm.com>
[   17.348082] PPP generic driver version 2.4.2
[   17.348148] ehci_hcd: USB 2.0 'Enhanced' Host Controller (EHCI) Driver
[   17.348153] ehci-pci: EHCI PCI platform driver
[   17.348163] ehci-platform: EHCI generic platform driver
[   17.348172] ohci_hcd: USB 1.1 'Open' Host Controller (OHCI) Driver
[   17.348174] ohci-pci: OHCI PCI platform driver
[   17.348183] ohci-platform: OHCI generic platform driver
[   17.348191] uhci_hcd: USB Universal Host Controller Interface driver
[   17.348257] i8042: PNP: PS/2 Controller [PNP0303:PS2K,PNP0f03:PS2M] at 0x60,0x64 irq 1,12
[   17.349752] ACPI: Battery Slot [BAT0] (battery present)
[   17.350472] serio: i8042 KBD port at 0x60,0x64 irq 1
[   17.350476] serio: i8042 AUX port at 0x60,0x64 irq 12
[   17.350587] mousedev: PS/2 mouse device common for all mice
[   17.351042] rtc_cmos rtc_cmos: rtc core: registered rtc_cmos as rtc0
[   17.351134] rtc_cmos rtc_cmos: alarms up to one day, 114 bytes nvram
[   17.351142] i2c /dev entries driver
[   17.351206] device-mapper: uevent: version 1.0.3
[   17.351281] device-mapper: ioctl: 4.34.0-ioctl (2015-10-28) initialised: dm-devel@redhat.com
[   17.351300] ledtrig-cpu: registered to indicate activity on CPUs
[   17.352039] NET: Registered protocol family 10
[   17.352244] NET: Registered protocol family 17
[   17.352258] Key type dns_resolver registered
[   17.352600] registered taskstats version 1
[   17.352622] Loading compiled-in X.509 certificates
[   17.353367] Loaded X.509 cert 'Build time autogenerated kernel key: b3e0fe4bcd6378c38a2c0a4648abbc1fa5043a22'
[   17.353386] zswap: loaded using pool lzo/zbud
[   17.355295] Key type trusted registered
[   17.358212] Key type encrypted registered
[   17.358218] AppArmor: AppArmor sha1 policy hashing enabled
[   17.358221] ima: No TPM chip found, activating TPM-bypass!
[   17.358230] ima: Allocated hash algorithm: sha1
[   17.358241] evm: HMAC attrs: 0x1
[   17.358526]   Magic number: 14:21:284
[   17.359350] rtc_cmos rtc_cmos: setting system clock to 2018-08-24 14:17:07 UTC (1535120227)
[   17.359562] BIOS EDD facility v0.16 2004-Jun-25, 0 devices found
[   17.359563] EDD information not available.
[   17.422029] input: AT Translated Set 2 keyboard as /devices/platform/i8042/serio0/input/input2
[   19.421699] Freeing unused kernel memory: 1516K
[   19.489176] Write protecting the kernel read-only data: 14336k
[   19.518592] Freeing unused kernel memory: 1680K
[   19.527800] Freeing unused kernel memory: 96K
Loading, please wait...
starting version 229[   19.546613] random: systemd-udevd: uninitialized urandom read (16 bytes read, 7 bits of entropy available)

[   19.547214] random: udevadm: uninitialized urandom read (16 bytes read, 7 bits of entropy available)
[   19.547240] random: udevadm: uninitialized urandom read (16 bytes read, 7 bits of entropy available)
[   19.559916] random: udevadm: uninitialized urandom read (16 bytes read, 7 bits of entropy available)
[   19.559987] random: udevadm: uninitialized urandom read (16 bytes read, 7 bits of entropy available)
[   19.560129] random: udevadm: uninitialized urandom read (16 bytes read, 7 bits of entropy available)
[   19.560175] random: udevadm: uninitialized urandom read (16 bytes read, 7 bits of entropy available)
[   19.560222] random: udevadm: uninitialized urandom read (16 bytes read, 7 bits of entropy available)
[   19.560268] random: udevadm: uninitialized urandom read (16 bytes read, 7 bits of entropy available)
[   19.560311] random: udevadm: uninitialized urandom read (16 bytes read, 7 bits of entropy available)
[   20.159502] e1000: Intel(R) PRO/1000 Network Driver - version 7.3.21-k8-NAPI
[   20.244672] e1000: Copyright (c) 1999-2006 Intel Corporation.
[   20.293703] Fusion MPT base driver 3.04.20
[   20.313924] Copyright (c) 1999-2008 LSI Corporation
[   20.340371] Fusion MPT SPI Host driver 3.04.20
[   20.409668] AVX2 version of gcm_enc/dec engaged.
[   20.451545] AES CTR mode by8 optimization enabled
[   20.493067] input: ImExPS/2 Generic Explorer Mouse as /devices/platform/i8042/serio1/input/input4
[   20.774054] e1000 0000:00:03.0 eth0: (PCI:33MHz:32-bit) 02:dc:25:78:06:25
[   20.818944] e1000 0000:00:03.0 eth0: Intel(R) PRO/1000 Network Connection
[   21.732227] e1000 0000:00:08.0 eth1: (PCI:33MHz:32-bit) 08:00:27:5d:19:1f
[   21.812435] e1000 0000:00:08.0 eth1: Intel(R) PRO/1000 Network Connection
[   21.828521] e1000 0000:00:03.0 enp0s3: renamed from eth0
[   21.832682] mptbase: ioc0: Initiating bringup
[   21.845592] e1000 0000:00:08.0 enp0s8: renamed from eth1
[   21.897559] ioc0: LSI53C1030 A0: Capabilities={Initiator}
[   22.058811] scsi host2: ioc0: LSI53C1030 A0, FwRev=00000000h, Ports=1, MaxQ=256, IRQ=20
[   22.169509] scsi 2:0:0:0: Direct-Access     VBOX     HARDDISK         1.0  PQ: 0 ANSI: 5
[   22.219322] scsi target2:0:0: Beginning Domain Validation
[   22.238574] scsi target2:0:0: Domain Validation skipping write tests
[   22.296308] scsi target2:0:0: Ending Domain Validation
[   22.332441] scsi target2:0:0: asynchronous
[   22.351255] scsi 2:0:1:0: Direct-Access     VBOX     HARDDISK         1.0  PQ: 0 ANSI: 5
[   22.371033] scsi target2:0:1: Beginning Domain Validation
[   22.380618] scsi target2:0:1: Domain Validation skipping write tests
[   22.393142] scsi target2:0:1: Ending Domain Validation
[   22.398853] scsi target2:0:1: asynchronous
[   22.424683] sd 2:0:0:0: [sda] 20971520 512-byte logical blocks: (10.7 GB/10.0 GiB)
[   22.435690] sd 2:0:0:0: Attached scsi generic sg0 type 0
[   22.439524] sd 2:0:1:0: [sdb] 20480 512-byte logical blocks: (10.5 MB/10.0 MiB)
[   22.442635] sd 2:0:1:0: Attached scsi generic sg1 type 0
[   22.445536] sd 2:0:0:0: [sda] Write Protect is off
[   22.445664] sd 2:0:0:0: [sda] Incomplete mode parameter data
[   22.445666] sd 2:0:0:0: [sda] Assuming drive cache: write through
[   22.457425] sd 2:0:1:0: [sdb] Write Protect is off
[   22.459491] sd 2:0:1:0: [sdb] Incomplete mode parameter data
[   22.461319] sd 2:0:1:0: [sdb] Assuming drive cache: write through
[   22.471027]  sda: sda1
[   22.473297] sd 2:0:0:0: [sda] Attached SCSI disk
[   22.492440] sd 2:0:1:0: [sdb] Attached SCSI disk
Begin: Loading e[   24.107596] md: linear personality registered for level -1
ssential drivers ... [   24.161104] md: multipath personality registered for level -4
[   24.170942] md: raid0 personality registered for level 0
[   24.185916] md: raid1 personality registered for level 1
[   24.277358] raid6: sse2x1   gen()  4684 MB/s
[   24.345173] raid6: sse2x1   xor()  3533 MB/s
[   24.413396] raid6: sse2x2   gen()  8482 MB/s
[   24.485107] raid6: sse2x2   xor()  5269 MB/s
[   24.553727] raid6: sse2x4   gen()  8787 MB/s
[   24.621635] raid6: sse2x4   xor()  5404 MB/s
[   24.693005] raid6: avx2x1   gen() 17268 MB/s
[   24.761718] raid6: avx2x2   gen() 20785 MB/s
[   24.829418] raid6: avx2x4   gen() 22523 MB/s
[   24.830918] raid6: using algorithm avx2x4 gen() 22523 MB/s
[   24.871201] raid6: using avx2x2 recovery algorithm
[   24.906951] xor: automatically using best checksumming function:
[   24.949260]    avx       : 17186.000 MB/sec
[   24.952411] async_tx: api initialized (async)
[   24.963626] md: raid6 personality registered for level 6
[   24.965686] md: raid5 personality registered for level 5
[   24.975943] md: raid4 personality registered for level 4
[   24.996348] md: raid10 personality registered for level 10
done.
Begin: Running /scripts/init-premount ... done.
Begin: Mounting root file system ... Begin: Running /scripts/local-top ... do[   25.033823] Btrfs loaded
ne.
Begin: Running /scripts/local-premount ... Scanning for Btrfs filesystems
done.
Warning: fsck no[   25.163722] EXT4-fs (sda1): INFO: recovery required on readonly filesystem
t present, so skipping root file system
[   25.197676] EXT4-fs (sda1): write access will be enabled during recovery
[   25.637200] random: nonblocking pool is initialized
[   26.080885] EXT4-fs (sda1): recovery complete
[   26.362861] EXT4-fs (sda1): mounted filesystem with ordered data mode. Opts: (null)
done.
Begin: Running /scripts/local-bottom ... done.
Begin: Running /scripts/init-bottom ... done.
[   28.634201] systemd[1]: systemd 229 running in system mode. (+PAM +AUDIT +SELINUX +IMA +APPARMOR +SMACK +SYSVINIT +UTMP +LIBCRYPTSETUP +GCRYPT +GNUTLS +ACL +XZ -LZ4 +SECCOMP +BLKID +ELFUTILS +KMOD -IDN)
[   28.649822] systemd[1]: Detected virtualization oracle.
[   28.651515] systemd[1]: Detected architecture x86-64.

Welcome to [1mUbuntu 16.04.3 LTS[0m!

[   28.716821] systemd[1]: Set hostname to <ubuntu-xenial>.
[   29.319200] systemd[1]: Listening on Journal Socket.
[[0;32m  OK  [0m] Listening on Journal Socket.
[   29.354739] systemd[1]: Created slice System Slice.
[[0;32m  OK  [0m] Created slice System Slice.
[   29.471595] systemd[1]: Starting Remount Root and Kernel File Systems...
[   29.565941] EXT4-fs (sda1): re-mounted. Opts: (null)
         Starting Remount Root and Kernel File Systems...
[   29.726104] systemd[1]: Started Trigger resolvconf update for networkd DNS.
[[0;32m  OK  [0m] Started Trigger resolvconf update for networkd DNS.
[   29.735248] systemd[1]: Reached target User and Group Name Lookups.
[[0;32m  OK  [0m] Reached target User and Group Name Lookups.
[   29.797582] systemd[1]: Starting Nameserver information manager...
         Starting Nameserver information manager...
[   29.861853] systemd[1]: Created slice User and Session Slice.
[[0;32m  OK  [0m] Created slice User and Session Slice.
[   29.958248] systemd[1]: Created slice system-serial\x2dgetty.slice.
[[0;32m  OK  [0m] Created slice system-serial\x2dgetty.slice.
[   30.049774] systemd[1]: Starting Create list of required static device nodes for the current kernel...
         Starting Create list of required st... nodes for the current kernel...
[   30.253931] systemd[1]: Starting Set console keymap...
         Starting Set console keymap...
[   30.306446] systemd[1]: Listening on Journal Audit Socket.
[[0;32m  OK  [0m] Listening on Journal Audit Socket.
[   30.338036] systemd[1]: Listening on LVM2 metadata daemon socket.
[[0;32m  OK  [0m] Listening on LVM2 metadata daemon socket.
[   30.343329] systemd[1]: Set up automount Arbitrary Executable File Formats File System Automount Point.
[[0;32m  OK  [0m] Set up automount Arbitrary Executab...ats File System Automount Point.
[   30.369106] systemd[1]: Reached target Encrypted Volumes.
[[0;32m  OK  [0m] Reached target Encrypted Volumes.
[   30.501195] systemd[1]: Mounting Huge Pages File System...
         Mounting Huge Pages File System...
[   30.562040] systemd[1]: Listening on /dev/initctl Compatibility Named Pipe.
[[0;32m  OK  [0m] Listening on /dev/initctl Compatibility Named Pipe.
[   30.609983] systemd[1]: Starting Load Kernel Modules...
         Starting Load Kernel Modules...
[   30.634460] systemd[1]: Listening on udev Kernel Socket.
[[0;32m  OK  [0m] Listening on udev Kernel Socket.
[   30.648733] systemd[1]: Mounting POSIX Message Queue File System...
         Mountin[   30.660464] Loading iSCSI transport class v2.0-870.
g POSIX Message Queue File System...
[   30.704766] systemd[1]: Started Forward Password Requests to Wall Directory Watch.
[[0;32m  OK  [0m] Started Forward Password Requests to Wall Directory Watch.
[   30.715868] systemd[1]: Listening on Syslog Socket.
[[0;32m  OK  [0m] Listening on Syslog Socket.
[   30.736201] systemd[1]: Reached target Slices.
[[0;32m  OK  [0m] Reached target Slices.
[   30.753585] systemd[1]: Starting Uncomplicated firewall...
         Starting Uncomplicated firewall...
[   30.799897] systemd[1]: Listening on udev Control Socket.
[[0;32m  OK  [0m] Listening on udev Control Socket.
[   30.827194] iscsi: registered transport (tcp)
[   30.841626] systemd[1]: Mounting Debug File System...
         Mounting Debug File System...
[   30.864554] systemd[1]: Listening on Journal Socket (/dev/log).
[[0;32m  OK  [0m] Listening on Journal Socket (/dev/log).
[   30.898927] systemd[1]: Starting Journal Service...
         Starting Journal Service...
[   30.923717] systemd[1]: Listening on Device-mapper event daemon FIFOs.
[[0;32m  OK  [0m] Listening on Device-mapper event daemon FIFOs.
[   30.949537] systemd[1]: Starting Monitoring of LVM2 mirrors, snapshots etc. using dmeventd or progress polling...
         Starting Monitoring of LVM2 mirrors... dmeventd or progress polling...
[   30.968042] systemd[1]: Reached target Swap.
[[0;32m  OK  [0m] Reached target Swap.
[   30.976251] systemd[1]: Listening on LVM2 poll daemon socket.
[[0;32m  OK  [0m] Listening on LVM2 poll daemon socket.
[   30.980735] systemd[1]: Mounted POSIX Message Queue File System.
[[0;32m  OK  [0m] Mounted POSIX Message Queue File System.
[   31.038370] systemd[1]: Mounted Debug File System.
[[0;32m  OK  [0m] Mounted Debug File System.
[   3.04049]systemd[1]: Mounted Huge Pages File System.
[[0;32m  OK  [0m] Mounted Huge Pages File System.
[   31.250295] systemd[1]: Started Remount Root and Kernel File Systems.
[[0;32m  OK  [0m] Started Remount Root and Kernel [   31.303545] iscsi: registered transport (iser)
File Systems.
[   31.346204] systemd[1]: Started Create list of required static device nodes for the current kernel.
[[0;32m  OK  [0m] Started Create list of required sta...ce nodes for the current kernel.
[   31.430422] systemd[1]: Started Set console keymap.
[[0;32m  OK  [0m] Started Set console keymap.
[   31.446667] systemd[1]: Started Load Kernel Modules.
[[0;32m  OK  [0m] Started Load Kernel Modules.
[   3.52385] systemd[1]: Started Uncomplicated firewall.
[[0;32m  OK  [0m] Started Uncomplicated firewall.
[   31.645630] systemd[1]: Started Nameserver information manager.
[[0;32m  OK  [0m] Started Nameserver information manager.
[   31.667017] systemd[1]: Started Journal Service.
[[0;32m  OK  [0m] Started Journal Service.
[[0;32m  OK  [0m] Started LVM2 metadata daemon.
         Starting Apply Kernel Variables...
         Mounting FUSE Control File System...
         Starting Create Static Device Nodes in /dev...
         Starting Load/Save Random Seed...
         Starting Flush Journal to Persistent Storage...
         Starting Initial cloud-init job (pre-networking)...
         Starting udev Coldplug all Devices...
[[0;32m  OK  [0m] Mounted FUSE Control File System.
[[0;32m  OK  [0m] Started Apply Kernel Variables.
[[0;32m  OK  [0m] Started Load/Save Random Seed.
[[0;32m  OK  [0m] Started Create Static Device Nodes in /dev.
         Starting udev Kernel Device Manager...
[[0;32m  OK  [0m] Started udev Coldplug all Devices.
[[0;32m  OK  [0m] Started Flush Journal to Persistent Storage.
[[0;32m  OK  [0m] Started Monitoring of LVM2 mirrors,...ng dmeventd or progress polling.
[[0;32m  OK  [0m] Started udev Kernel Device Manager.
[[0;32m  OK  [0m] Started Dispatch Password Requests to Console Directory Watch.
[[0;32m  OK  [0m] Reached target Local File Systems (Pre).
[[0;32m  OK  [0m] Reached target Local File Systems.
         Starting LSB: AppArmor initialization...
         Starting Create Volatile Files and Directories...
         Starting Tell Plymouth To Write Out Runtime Data...
         Starting Set console font and keymap...
[[0;32m  OK  [0m] Started Tell Plymouth To Write Out Runtime Data.
[[0;32m  OK  [0m] Started Create Volatile Files and Directories.
[[0;32m  OK  [0m] Reached target System Time Synchronized.
         Starting Update UTMP about System Boot/Shutdown...
[[0;32m  OK  [0m] Found device /dev/ttyS0.
[[0;32m  OK  [0m] Started Update UTMP about System Boot/Shutdown.
[[0;32m  OK  [0m] Found device 82540EM Gigabit Ethern...r (PRO/1000 MT Desktop Adapter).
[[0;32m  OK  [0m] Found device 82540EM Gigabit Ethern...r (PRO/1000 MT Desktop Adapter).
[[0;32m  OK  [0m] Started LSB: AppArmor initialization.
[[0;32m  OK  [0m] Listening on Load/Save RF Kill Switch Status /dev/rfkill Watch.
[[0;32m  OK  [0m] Started Set console font and keymap.
[[0;32m  OK  [0m] Created slice system-getty.slice.
[   23.802614] cloud-init[452]: Cloud-init v. 0.7.9 running 'init-local' at Fri, 24 Aug 2018 14:17:25 +0000. Up 23.19 seconds.
[[0;32m  OK  [0m] Started Initial cloud-init job (pre-networking).
[[0;32m  OK  [0m] Reached target Network (Pre).
[[0;32m  OK  [0m] Started ifup for enp0s3.
         Starting Raise network interfaces...
[[0;32m  OK  [0m] Started ifup for enp0s8.
[[0;32m  OK  [0m] Started Raise network interfaces.
[[0;32m  OK  [0m] Reached target Network.
         Starting Initial cloud-init job (metadata service crawler)...
[   25.626318] cloud-init[1039]: Cloud-init v. 0.7.9 running 'init' at Fri, 24 Aug 2018 14:17:26 +0000. Up 24.60 seconds.
[   25.641564] cloud-init[1039]: ci-info: ++++++++++++++++++++++++++++++++++++++Net device info++++++++++++++++++++++++++++++++++++++
[   25.644482] cloud-init[1039]: ci-info: +--------+------+-----------------------------+---------------+-------+-------------------+
[   25.650490] cloud-init[1039]: ci-info: | Device |  Up  |           Address           |      Mask     | Scope |     Hw-Address    |
[   25.652902] cloud-init[1039]: ci-info: +--------+------+-----------------------------+---------------+-------+-------------------+
[   25.659419] cloud-init[1039]: ci-info: |   lo   | True |          127.0.0.1          |   255.0.0.0   |   .   |         .         |
[   25.737026] cloud-init[1039]: ci-info: |   lo   | True |           ::1/128           |       .       |  host |         .         |
[   25.737334] cloud-init[1039]: ci-info: | enp0s8 | True |       192.168.100.106       | 255.255.255.0 |   .   | 08:00:27:5d:19:1f |
[[0;32m  OK  [0m] Started Initial cloud-init job (metadata service crawler).
[   25.737485] cloud-init[1039]: ci-info: | enp0s8 | True | fe80::a00:27ff:fe5d:191f/64 |       .       |  link | 08:00:27:5d:19:1f |
[   26.064734] cloud-init[1039]: ci-info: | enp0s3 | True |          10.0.2.15          | 255.255.255.0 |   .   | 02:dc:25:78:06:25 |
[   26.065068] cloud-init[1039]: ci-info: | enp0s3 | True |  fe80::dc:25ff:fe78:625/64  |       .       |  link | 02:dc:25:78:06:25 |
[[0;32m  OK  [0m] Reached target System Initialization.
[   26.065334] cloud-init[1039]: ci-info: +--------+------+-----------------------------+---------------+-------+-------------------+
[   26.432789] cloud-init[1039]: ci-info: ++++++++++++++++++++++++++++Route IPv4 info+++++++++++++++++++++++++++++
[   26.504473] cloud-init[1039]: ci-info: +-------+---------------+----------+---------------+-----------+-------+
[   26.504783] cloud-init[1039]: ci-info: | Route |  Destination  | Gateway  |    Genmask    | Interface | Flags |
[   26.505389] cloud-init[1039]: ci-info: +-------+---------------+----------+---------------+-----------+-------+
[   26.505616] cloud-init[1039]: ci-info: |   0   |    0.0.0.0    | 10.0.2.2 |    0.0.0.0    |   enp0s3  |   UG  |
[   26.505846] cloud-init[1039]: ci-info: |   1   |    10.0.2.0   | 0.0.0.0  | 255.255.255.0 |   enp0s3  |   U   |
[   26.506126] cloud-init[1039]: ci-info: |   2   | 192.168.100.0 | 0.0.0.0  | 255.255.255.0 |   enp0s8  |   U   |
[   26.506355] cloud-init[1039]: ci-info: +-------+---------------+----------+---------------+-----------+-------+
[[0;32m  OK  [0m] Started Timer to automatically refresh installed snaps.
[[0;32m  OK  [0m] Listening on UUID daemon activation socket.
         Starting Socket activation for snappy daemon.
[[0;32m  OK  [0m] Listening on D-Bus System Message Bus Socket.
         Starting LXD - unix socket.
[[0;32m  OK  [0m] Started Daily Cleanup of Temporary Directories.
[[0;32m  OK  [0m] Started Timer to automatically fetch and run repair assertions.
[[0;32m  OK  [0m] Listening on ACPID Listen Socket.
         Starting Docker Socket for the API.
[[0;32m  OK  [0m] Started ACPI Events Check.
[[0;32m  OK  [0m] Reached target Paths.
[[0;32m  OK  [0m] Reached target Cloud-config availability.
[[0;32m  OK  [0m] Reached target Network is Online.
[[0;32m  OK  [0m] Started Daily apt download activities.
[[0;32m  OK  [0m] Started Daily apt upgrade and clean activities.
[[0;32m  OK  [0m] Reached target Timers.
         Starting iSCSI initiator daemon (iscsid)...
[[0;32m  OK  [0m] Listening on Socket activation for snappy daemon.
[[0;32m  OK  [0m] Listening on LXD - unix socket.
[[0;32m  OK  [0m] Listening on Docker Socket for the API.
[[0;32m  OK  [0m] Reached target Sockets.
[[0;32m  OK  [0m] Reached target Basic System.
         Starting Apply the settings specified in cloud-config...
[[0;32m  OK  [0m] Started Deferred execution scheduler.
         Starting Login Service...
         Starting vboxadd.service...
         Starting LSB: MD monitoring daemon...
[[0;32m  OK  [0m] Started Unattended Upgrades Shutdown.
         Starting OpenBSD Secure Shell server...
         Starting System Logging Service...
[[0;32m  OK  [0m] Started FUSE filesystem for LXC.
[[0;32m  OK  [0m] Started Regular background program processing daemon.
         Starting LXD - container startup/shutdown...
[[0;32m  OK  [0m] Started ACPI event daemon.
         Starting /etc/rc.local Compatibility...
         Starting vboxadd-x11.service...
         Starting LSB: Record successful boot for GRUB...
         Starting Snappy daemon...
         Starting Docker Application Container Engine...
         Starting Automatically fetch and run repair assertions...
[[0;32m  OK  [0m] Started D-Bus System Message Bus.
[   29.102389] cloud-init[1092]: Cloud-init v. 0.7.9 running 'modules:config' at Fri, 24 Aug 2018 14:17:30 +0000. Up 28.81 seconds.
         Starting Accounts Service...
[[0;32m  OK  [0m] Started System Logging Service.
[[0;32m  OK  [0m] Started OpenBSD Secure Shell server.
[[0;32m  OK  [0m] Started Apply the settings specified in cloud-config.
[[0;32m  OK  [0m] Started /etc/rc.local Compatibility.
[[0;32m  OK  [0m] Started vboxadd-x11.service.
[[0;32m  OK  [0m] Started Automatically fetch and run repair assertions.
[[0;32m  OK  [0m] Started iSCSI initiator daemon (iscsid).
         Starting Login to default iSCSI targets...
[[0;32m  OK  [0m] Started Login Service.
[[0;32m  OK  [0m] Started vboxadd.service.
         Starting vboxadd-service.service...
[[0;32m  OK  [0m] Started LSB: Record successful boot for GRUB.
[[0;32m  OK  [0m] Started Login to default iSCSI targets.
[[0;32m  OK  [0m] Reached target Remote File Systems (Pre).
[[0;32m  OK  [0m] Reached target Remote File Systems.
         Starting LSB: automatic crash report generation...
         Starting LSB: daemon to balance interrupts for SMP systems...
         Starting LSB: Set the CPU Frequency Scaling governor to "ondemand"...
         Starting Permit User Sessions...
[[0;32m  OK  [0m] Started LSB: MD monitoring daemon.
[[0;32m  OK  [0m] Started LSB: Set the CPU Frequency Scaling governor to "ondemand".
[[0;32m  OK  [0m] Started Permit User Sessions.
         Starting Hold until boot process finishes up...
         Starting Terminate Plymouth Boot Screen...
[[0;32m  OK  [0m] Started Hold until boot process finishes up.
[[0;32m  OK  [0m] Started Terminate Plymouth Boot Screen.
[[0;32m  OK  [0m] Started vboxadd-service.service.
[[0;32m  OK  [0m] Started Getty on tty1.
         Starting Set console scheme...
[[0;32m  OK  [0m] Started Serial Getty on ttyS0.
[[0;32m  OK  [0m] Reached target Login Prompts.
[[0;32m  OK  [0m] Started LSB: automatic crash report generation.
[[0;32m  OK  [0m] Started Set console scheme.
[[0;32m  OK  [0m] Started LSB: daemon to balance interrupts for SMP systems.
[[0;32m  OK  [0m] Started LXD - container startup/shutdown.
         Starting Authenticate and Authorize Users to Run Privileged Tasks...
[[0;32m  OK  [0m] Started Authenticate and Authorize Users to Run Privileged Tasks.
[[0;32m  OK  [0m] Started Accounts Service.
[[0;32m  OK  [0m] Started Snappy daemon.
         Starting Auto import assertions from block devices...
[[0;32m  OK  [0m] Started Auto import assertions from block devices.
[[0;32m  OK  [0m] Started Docker Application Container Engine.
[[0;32m  OK  [0m] Reached target Multi-User System.
         Starting Execute cloud user/final scripts...
[[0;32m  OK  [0m] Reached target Graphical Interface.
         Starting Update UTMP about System Runlevel Changes...
[   36.156962] cloud-init[1788]: Cloud-init v. 0.7.9 running 'modules:final' at Fri, 24 Aug 2018 14:17:37 +0000. Up 35.79 seconds.
[   36.157682] cloud-init[1788]: Cloud-init v. 0.7.9 finished at Fri, 24 Aug 2018 14:17:38 +0000. Datasource DataSourceNoCloud [seed=/dev/sdb][dsmode=net].  Up 36.14 seconds

Ubuntu 16.04.3 LTS ubuntu-xenial ttyS0

ubuntu-xenial login: 